2017-03-14 06:18:11,131 | ERROR | qtp895122675-42  | DefaultYangModelRegistry         | 178 - org.onosproject.onos-yang-runtime - 1.12.0.b6 | node with demo1 namespace not found.
2017-03-14 06:18:11,146 | INFO  | t-client-event-1 | DistributedDynamicConfigStore    | 189 - org.onosproject.onos-apps-config - 1.10.0.SNAPSHOT | NODE created in store
2017-03-14 06:18:16,146 | WARN  | qtp895122675-42  | ServerErrorMapper                | 155 - org.onosproject.onlab-rest - 1.10.0.SNAPSHOT | Unhandled REST exception
org.onosproject.store.service.ConsistentMapException$Timeout: config-object-store
	at org.onosproject.store.primitives.DefaultConsistentMap.complete(DefaultConsistentMap.java:228)
	at org.onosproject.store.primitives.DefaultConsistentMap.put(DefaultConsistentMap.java:118)
	at org.onosproject.config.impl.DistributedDynamicConfigStore.addLeaf(DistributedDynamicConfigStore.java:217)[189:org.onosproject.onos-apps-config:1.10.0.SNAPSHOT]
	at org.onosproject.config.impl.DistributedDynamicConfigStore.lambda$traverseInner$0(DistributedDynamicConfigStore.java:201)[189:org.onosproject.onos-apps-config:1.10.0.SNAPSHOT]
	at java.util.LinkedHashMap.forEach(LinkedHashMap.java:676)[:1.8.0_73]
	at org.onosproject.config.impl.DistributedDynamicConfigStore.traverseInner(DistributedDynamicConfigStore.java:197)[189:org.onosproject.onos-apps-config:1.10.0.SNAPSHOT]
	at org.onosproject.config.impl.DistributedDynamicConfigStore.parseNode(DistributedDynamicConfigStore.java:185)[189:org.onosproject.onos-apps-config:1.10.0.SNAPSHOT]
	at org.onosproject.config.impl.DistributedDynamicConfigStore.addRecursive(DistributedDynamicConfigStore.java:159)[189:org.onosproject.onos-apps-config:1.10.0.SNAPSHOT]
	at org.onosproject.config.impl.DynamicConfigManager.createNodeRecursive(DynamicConfigManager.java:83)
	at org.onosproject.restconf.restconfmanager.RestconfManager.runPostOperationOnDataResource(RestconfManager.java:141)
	at org.onosproject.protocol.restconf.server.restconfmanager.RestconfBrokerImpl.runPostOperationOnDataResource(RestconfBrokerImpl.java:113)
	at org.onosproject.protocol.restconf.server.rpp.RestconfWebResource.handlePostRequest(RestconfWebResource.java:149)[195:org.onosproject.onos-protocols-restconf-server-rpp:1.10.0.SNAPSHOT]
	at sun.reflect.NativeMethodAccessorImpl.invoke0(Native Method)[:1.8.0_73]
	at sun.reflect.NativeMethodAccessorImpl.invoke(NativeMethodAccessorImpl.java:62)[:1.8.0_73]
	at sun.reflect.DelegatingMethodAccessorImpl.invoke(DelegatingMethodAccessorImpl.java:43)[:1.8.0_73]
	at java.lang.reflect.Method.invoke(Method.java:497)[:1.8.0_73]
	at org.glassfish.jersey.server.model.internal.ResourceMethodInvocationHandlerFactory$1.invoke(ResourceMethodInvocationHandlerFactory.java:81)[146:org.glassfish.jersey.core.jersey-server:2.25.0]
	at org.glassfish.jersey.server.model.internal.AbstractJavaResourceMethodDispatcher$1.run(AbstractJavaResourceMethodDispatcher.java:144)[146:org.glassfish.jersey.core.jersey-server:2.25.0]
	at org.glassfish.jersey.server.model.internal.AbstractJavaResourceMethodDispatcher.invoke(AbstractJavaResourceMethodDispatcher.java:161)[146:org.glassfish.jersey.core.jersey-server:2.25.0]
	at org.glassfish.jersey.server.model.internal.JavaResourceMethodDispatcherProvider$ResponseOutInvoker.doDispatch(JavaResourceMethodDispatcherProvider.java:160)[146:org.glassfish.jersey.core.jersey-server:2.25.0]
	at org.glassfish.jersey.server.model.internal.AbstractJavaResourceMethodDispatcher.dispatch(AbstractJavaResourceMethodDispatcher.java:99)[146:org.glassfish.jersey.core.jersey-server:2.25.0]
	at org.glassfish.jersey.server.model.ResourceMethodInvoker.invoke(ResourceMethodInvoker.java:389)[146:org.glassfish.jersey.core.jersey-server:2.25.0]
	at org.glassfish.jersey.server.model.ResourceMethodInvoker.apply(ResourceMethodInvoker.java:347)[146:org.glassfish.jersey.core.jersey-server:2.25.0]
	at org.glassfish.jersey.server.model.ResourceMethodInvoker.apply(ResourceMethodInvoker.java:102)[146:org.glassfish.jersey.core.jersey-server:2.25.0]
	at org.glassfish.jersey.server.ServerRuntime$2.run(ServerRuntime.java:326)[146:org.glassfish.jersey.core.jersey-server:2.25.0]
	at org.glassfish.jersey.internal.Errors$1.call(Errors.java:271)[138:org.glassfish.jersey.core.jersey-common:2.25.0]
	at org.glassfish.jersey.internal.Errors$1.call(Errors.java:267)[138:org.glassfish.jersey.core.jersey-common:2.25.0]
	at org.glassfish.jersey.internal.Errors.process(Errors.java:315)[138:org.glassfish.jersey.core.jersey-common:2.25.0]
	at org.glassfish.jersey.internal.Errors.process(Errors.java:297)[138:org.glassfish.jersey.core.jersey-common:2.25.0]
	at org.glassfish.jersey.internal.Errors.process(Errors.java:267)[138:org.glassfish.jersey.core.jersey-common:2.25.0]
	at org.glassfish.jersey.process.internal.RequestScope.runInScope(RequestScope.java:317)[138:org.glassfish.jersey.core.jersey-common:2.25.0]
	at org.glassfish.jersey.server.ServerRuntime.process(ServerRuntime.java:305)[146:org.glassfish.jersey.core.jersey-server:2.25.0]
	at org.glassfish.jersey.server.ApplicationHandler.handle(ApplicationHandler.java:1154)[146:org.glassfish.jersey.core.jersey-server:2.25.0]
	at org.glassfish.jersey.servlet.WebComponent.serviceImpl(WebComponent.java:473)[152:org.glassfish.jersey.containers.jersey-container-servlet-core:2.25.0]
	at org.glassfish.jersey.servlet.WebComponent.service(WebComponent.java:427)[152:org.glassfish.jersey.containers.jersey-container-servlet-core:2.25.0]
	at org.glassfish.jersey.servlet.ServletContainer.service(ServletContainer.java:388)[152:org.glassfish.jersey.containers.jersey-container-servlet-core:2.25.0]
	at org.glassfish.jersey.servlet.ServletContainer.service(ServletContainer.java:341)[152:org.glassfish.jersey.containers.jersey-container-servlet-core:2.25.0]
	at org.glassfish.jersey.servlet.ServletContainer.service(ServletContainer.java:228)[152:org.glassfish.jersey.containers.jersey-container-servlet-core:2.25.0]
	at org.eclipse.jetty.servlet.ServletHolder.handle(ServletHolder.java:684)[57:org.eclipse.jetty.aggregate.jetty-all-server:8.1.19.v20160209]
	at org.eclipse.jetty.servlet.ServletHandler.doHandle(ServletHandler.java:501)[57:org.eclipse.jetty.aggregate.jetty-all-server:8.1.19.v20160209]
	at org.ops4j.pax.web.service.jetty.internal.HttpServiceServletHandler.doHandle(HttpServiceServletHandler.java:69)[66:org.ops4j.pax.web.pax-web-jetty:3.2.9]
	at org.eclipse.jetty.server.handler.ScopedHandler.handle(ScopedHandler.java:137)[57:org.eclipse.jetty.aggregate.jetty-all-server:8.1.19.v20160209]
	at org.eclipse.jetty.security.SecurityHandler.handle(SecurityHandler.java:557)[57:org.eclipse.jetty.aggregate.jetty-all-server:8.1.19.v20160209]
	at org.eclipse.jetty.server.session.SessionHandler.doHandle(SessionHandler.java:231)[57:org.eclipse.jetty.aggregate.jetty-all-server:8.1.19.v20160209]
	at org.eclipse.jetty.server.handler.ContextHandler.doHandle(ContextHandler.java:1086)[57:org.eclipse.jetty.aggregate.jetty-all-server:8.1.19.v20160209]
	at org.ops4j.pax.web.service.jetty.internal.HttpServiceContext.doHandle(HttpServiceContext.java:240)[66:org.ops4j.pax.web.pax-web-jetty:3.2.9]
	at org.eclipse.jetty.servlet.ServletHandler.doScope(ServletHandler.java:427)[57:org.eclipse.jetty.aggregate.jetty-all-server:8.1.19.v20160209]
	at org.eclipse.jetty.server.session.SessionHandler.doScope(SessionHandler.java:193)[57:org.eclipse.jetty.aggregate.jetty-all-server:8.1.19.v20160209]
	at org.eclipse.jetty.server.handler.ContextHandler.doScope(ContextHandler.java:1020)[57:org.eclipse.jetty.aggregate.jetty-all-server:8.1.19.v20160209]
	at org.eclipse.jetty.server.handler.ScopedHandler.handle(ScopedHandler.java:135)[57:org.eclipse.jetty.aggregate.jetty-all-server:8.1.19.v20160209]
	at org.ops4j.pax.web.service.jetty.internal.JettyServerHandlerCollection.handle(JettyServerHandlerCollection.java:75)[66:org.ops4j.pax.web.pax-web-jetty:3.2.9]
	at org.eclipse.jetty.server.handler.HandlerWrapper.handle(HandlerWrapper.java:116)[57:org.eclipse.jetty.aggregate.jetty-all-server:8.1.19.v20160209]
	at org.eclipse.jetty.server.Server.handle(Server.java:370)[57:org.eclipse.jetty.aggregate.jetty-all-server:8.1.19.v20160209]
	at org.eclipse.jetty.server.AbstractHttpConnection.handleRequest(AbstractHttpConnection.java:494)[57:org.eclipse.jetty.aggregate.jetty-all-server:8.1.19.v20160209]
	at org.eclipse.jetty.server.AbstractHttpConnection.content(AbstractHttpConnection.java:984)[57:org.eclipse.jetty.aggregate.jetty-all-server:8.1.19.v20160209]
	at org.eclipse.jetty.server.AbstractHttpConnection$RequestHandler.content(AbstractHttpConnection.java:1045)[57:org.eclipse.jetty.aggregate.jetty-all-server:8.1.19.v20160209]
	at org.eclipse.jetty.http.HttpParser.parseNext(HttpParser.java:861)[57:org.eclipse.jetty.aggregate.jetty-all-server:8.1.19.v20160209]
	at org.eclipse.jetty.http.HttpParser.parseAvailable(HttpParser.java:236)[57:org.eclipse.jetty.aggregate.jetty-all-server:8.1.19.v20160209]
	at org.eclipse.jetty.server.AsyncHttpConnection.handle(AsyncHttpConnection.java:82)[57:org.eclipse.jetty.aggregate.jetty-all-server:8.1.19.v20160209]
	at org.eclipse.jetty.io.nio.SelectChannelEndPoint.handle(SelectChannelEndPoint.java:696)[57:org.eclipse.jetty.aggregate.jetty-all-server:8.1.19.v20160209]
	at org.eclipse.jetty.io.nio.SelectChannelEndPoint$1.run(SelectChannelEndPoint.java:53)[57:org.eclipse.jetty.aggregate.jetty-all-server:8.1.19.v20160209]
	at org.eclipse.jetty.util.thread.QueuedThreadPool.runJob(QueuedThreadPool.java:608)[57:org.eclipse.jetty.aggregate.jetty-all-server:8.1.19.v20160209]
	at org.eclipse.jetty.util.thread.QueuedThreadPool$3.run(QueuedThreadPool.java:543)[57:org.eclipse.jetty.aggregate.jetty-all-server:8.1.19.v20160209]
	at java.lang.Thread.run(Thread.java:745)[:1.8.0_73]
2017-03-14 06:18:16,147 | ERROR | t-client-event-1 | SingleThreadContext              | 90 - io.atomix.all - 1.0.3 | An uncaught exception occurred
org.onosproject.config.FailedException: getConfigListener failed
	at org.onosproject.config.impl.DistributedDynamicConfigStore.getConfigListener(DistributedDynamicConfigStore.java:401)
	at org.onosproject.config.impl.DynamicConfigManager$InternalStoreDelegate.notify(DynamicConfigManager.java:142)
	at org.onosproject.config.impl.DynamicConfigManager$InternalStoreDelegate.notify(DynamicConfigManager.java:139)
	at org.onosproject.store.AbstractStore.notifyDelegate(AbstractStore.java:58)
	at org.onosproject.config.impl.DistributedDynamicConfigStore.access$100(DistributedDynamicConfigStore.java:78)
	at org.onosproject.config.impl.DistributedDynamicConfigStore$InternalDocTreeListener.event(DistributedDynamicConfigStore.java:430)
	at org.onosproject.store.primitives.impl.DefaultDistributedDocumentTree$InternalBackingDocumentTreeListener.event(DefaultDistributedDocumentTree.java:142)
	at org.onosproject.store.primitives.resources.impl.AtomixDocumentTree$InternalListener.lambda$event$428(AtomixDocumentTree.java:241)[130:org.onosproject.onos-core-primitives:1.10.0.SNAPSHOT]
	at com.google.common.util.concurrent.MoreExecutors$DirectExecutor.execute(MoreExecutors.java:456)[94:com.google.guava:19.0.0]
	at org.onosproject.store.primitives.resources.impl.AtomixDocumentTree$InternalListener.event(AtomixDocumentTree.java:241)[130:org.onosproject.onos-core-primitives:1.10.0.SNAPSHOT]
	at org.onosproject.store.primitives.resources.impl.AtomixDocumentTree.lambda$null$426(AtomixDocumentTree.java:223)[130:org.onosproject.onos-core-primitives:1.10.0.SNAPSHOT]
	at java.util.HashMap$Values.forEach(HashMap.java:972)[:1.8.0_73]
	at org.onosproject.store.primitives.resources.impl.AtomixDocumentTree.lambda$processTreeUpdates$427(AtomixDocumentTree.java:223)[130:org.onosproject.onos-core-primitives:1.10.0.SNAPSHOT]
	at java.util.ArrayList.forEach(ArrayList.java:1249)[:1.8.0_73]
	at org.onosproject.store.primitives.resources.impl.AtomixDocumentTree.processTreeUpdates(AtomixDocumentTree.java:223)[130:org.onosproject.onos-core-primitives:1.10.0.SNAPSHOT]
	at io.atomix.manager.resource.internal.InstanceClient$EventListener.accept(InstanceClient.java:274)
	at io.atomix.manager.resource.internal.InstanceClient.handleEvent(InstanceClient.java:180)
	at io.atomix.manager.resource.internal.InstanceClient.lambda$onEvent$6(InstanceClient.java:163)
	at io.atomix.copycat.client.DefaultCopycatClient$EventListener.lambda$accept$60(DefaultCopycatClient.java:379)
	at io.atomix.catalyst.concurrent.Runnables.lambda$logFailure$5(Runnables.java:20)
	at java.util.concurrent.Executors$RunnableAdapter.call(Executors.java:511)[:1.8.0_73]
	at java.util.concurrent.FutureTask.run(FutureTask.java:266)[:1.8.0_73]
	at java.util.concurrent.ScheduledThreadPoolExecutor$ScheduledFutureTask.access$201(ScheduledThreadPoolExecutor.java:180)[:1.8.0_73]
	at java.util.concurrent.ScheduledThreadPoolExecutor$ScheduledFutureTask.run(ScheduledThreadPoolExecutor.java:293)[:1.8.0_73]
	at java.util.concurrent.ThreadPoolExecutor.runWorker(ThreadPoolExecutor.java:1142)[:1.8.0_73]
	at java.util.concurrent.ThreadPoolExecutor$Worker.run(ThreadPoolExecutor.java:617)[:1.8.0_73]
	at java.lang.Thread.run(Thread.java:745)[:1.8.0_73]